2014/04/16 13:35:33 [error] [php] date(): It is not safe to rely on the system's timezone settings. You are *required* to use the date.timezone setting or the date_default_timezone_set() function. In case you used any of those methods and you are still getting this warning, you most likely misspelled the timezone identifier. We selected the timezone 'UTC' for now, but please set date.timezone to select your timezone. (/home/marcio/git/com.arend.angularwithyii/AngularWithYii/protected/views/layouts/main.php:51)
Stack trace:
#0 /home/marcio/git/yii/framework/web/CBaseController.php(95): SiteController->renderInternal()
#1 /home/marcio/git/yii/framework/web/widgets/CContentDecorator.php(76): SiteController->renderFile()
#2 /home/marcio/git/yii/framework/web/widgets/CContentDecorator.php(54): CContentDecorator->decorate()
#3 /home/marcio/git/yii/framework/web/widgets/COutputProcessor.php(44): CContentDecorator->processOutput()
#4 /home/marcio/git/yii/framework/web/CBaseController.php(206): CContentDecorator->run()
#5 /home/marcio/git/yii/framework/web/CBaseController.php(300): SiteController->endWidget()
#6 /home/marcio/git/com.arend.angularwithyii/AngularWithYii/protected/views/layouts/column1.php(6): SiteController->endContent()
#7 /home/marcio/git/yii/framework/web/CBaseController.php(126): require()
#8 /home/marcio/git/yii/framework/web/CBaseController.php(95): SiteController->renderInternal()
#9 /home/marcio/git/yii/framework/web/CController.php(784): SiteController->renderFile()
#10 /home/marcio/git/com.arend.angularwithyii/AngularWithYii/protected/controllers/SiteController.php(32): SiteController->render()
#11 /home/marcio/git/yii/framework/web/actions/CInlineAction.php(49): SiteController->actionIndex()
#12 /home/marcio/git/yii/framework/web/CController.php(308): CInlineAction->runWithParams()
#13 /home/marcio/git/yii/framework/web/CController.php(286): SiteController->runAction()
#14 /home/marcio/git/yii/framework/web/CController.php(265): SiteController->runActionWithFilters()
#15 /home/marcio/git/yii/framework/web/CWebApplication.php(282): SiteController->run()
#16 /home/marcio/git/yii/framework/web/CWebApplication.php(141): CWebApplication->runController()
#17 /home/marcio/git/yii/framework/base/CApplication.php(180): CWebApplication->processRequest()
#18 /home/marcio/git/com.arend.angularwithyii/AngularWithYii/index.php(13): CWebApplication->run()
REQUEST_URI=/
in /home/marcio/git/com.arend.angularwithyii/AngularWithYii/protected/views/layouts/main.php (51)
in /home/marcio/git/com.arend.angularwithyii/AngularWithYii/protected/views/layouts/column1.php (6)
in /home/marcio/git/com.arend.angularwithyii/AngularWithYii/protected/controllers/SiteController.php (32)
2014/04/16 13:55:25 [error] [exception.CDbException] exception 'CDbException' with message 'CDbConnection failed to open the DB connection: could not find driver' in /home/marcio/git/yii/framework/db/CDbConnection.php:382
Stack trace:
#0 /home/marcio/git/yii/framework/db/CDbConnection.php(330): CDbConnection->open()
#1 /home/marcio/git/yii/framework/db/CDbConnection.php(308): CDbConnection->setActive(true)
#2 /home/marcio/git/yii/framework/base/CModule.php(387): CDbConnection->init()
#3 /home/marcio/git/yii/framework/base/CModule.php(103): CModule->getComponent('db')
#4 /home/marcio/git/yii/framework/gii/generators/model/ModelCode.php(60): CModule->__get('db')
#5 /home/marcio/git/yii/framework/web/CFormModel.php(39): ModelCode->init()
#6 /home/marcio/git/yii/framework/gii/CCodeGenerator.php(153): CFormModel->__construct()
#7 /home/marcio/git/yii/framework/gii/CCodeGenerator.php(63): CCodeGenerator->prepare()
#8 /home/marcio/git/yii/framework/web/actions/CInlineAction.php(49): CCodeGenerator->actionIndex()
#9 /home/marcio/git/yii/framework/web/CController.php(308): CInlineAction->runWithParams(Array)
#10 /home/marcio/git/yii/framework/web/CController.php(286): CController->runAction(Object(CInlineAction))
#11 /home/marcio/git/yii/framework/web/CController.php(265): CController->runActionWithFilters(Object(CInlineAction), Array)
#12 /home/marcio/git/yii/framework/web/CWebApplication.php(282): CController->run('index')
#13 /home/marcio/git/yii/framework/web/CWebApplication.php(141): CWebApplication->runController('gii/model/index')
#14 /home/marcio/git/yii/framework/base/CApplication.php(180): CWebApplication->processRequest()
#15 /home/marcio/git/com.arend.angularwithyii/AngularWithYii/index.php(13): CApplication->run()
#16 {main}
REQUEST_URI=/index.php?r=gii/model/index
HTTP_REFERER=http://angularyii.com/index.php?r=gii/default/index
---
2014/04/16 13:56:13 [error] [exception.CDbException] exception 'CDbException' with message 'CDbConnection failed to open the DB connection: SQLSTATE[42000] [1049] Unknown database 'angularwihtyii'' in /home/marcio/git/yii/framework/db/CDbConnection.php:382
Stack trace:
#0 /home/marcio/git/yii/framework/db/CDbConnection.php(330): CDbConnection->open()
#1 /home/marcio/git/yii/framework/db/CDbConnection.php(308): CDbConnection->setActive(true)
#2 /home/marcio/git/yii/framework/base/CModule.php(387): CDbConnection->init()
#3 /home/marcio/git/yii/framework/base/CModule.php(103): CModule->getComponent('db')
#4 /home/marcio/git/yii/framework/gii/generators/model/ModelCode.php(60): CModule->__get('db')
#5 /home/marcio/git/yii/framework/web/CFormModel.php(39): ModelCode->init()
#6 /home/marcio/git/yii/framework/gii/CCodeGenerator.php(153): CFormModel->__construct()
#7 /home/marcio/git/yii/framework/gii/CCodeGenerator.php(63): CCodeGenerator->prepare()
#8 /home/marcio/git/yii/framework/web/actions/CInlineAction.php(49): CCodeGenerator->actionIndex()
#9 /home/marcio/git/yii/framework/web/CController.php(308): CInlineAction->runWithParams(Array)
#10 /home/marcio/git/yii/framework/web/CController.php(286): CController->runAction(Object(CInlineAction))
#11 /home/marcio/git/yii/framework/web/CController.php(265): CController->runActionWithFilters(Object(CInlineAction), Array)
#12 /home/marcio/git/yii/framework/web/CWebApplication.php(282): CController->run('index')
#13 /home/marcio/git/yii/framework/web/CWebApplication.php(141): CWebApplication->runController('gii/model/index')
#14 /home/marcio/git/yii/framework/base/CApplication.php(180): CWebApplication->processRequest()
#15 /home/marcio/git/com.arend.angularwithyii/AngularWithYii/index.php(13): CApplication->run()
#16 {main}
REQUEST_URI=/index.php?r=gii/model/index
HTTP_REFERER=http://angularyii.com/index.php?r=gii/default/index
---
2014/04/16 14:33:00 [error] [php] include(UserModule.php): failed to open stream: No such file or directory (/home/marcio/git/yii/framework/YiiBase.php:427)
Stack trace:
#0 /home/marcio/git/com.arend.angularwithyii/AngularWithYii/protected/controllers/UserController.php(126): spl_autoload_call()
#1 /home/marcio/git/yii/framework/web/actions/CInlineAction.php(49): UserController->actionIndex()
#2 /home/marcio/git/yii/framework/web/CController.php(308): CInlineAction->runWithParams()
#3 /home/marcio/git/yii/framework/web/filters/CFilterChain.php(133): UserController->runAction()
#4 /home/marcio/git/yii/framework/web/filters/CFilter.php(40): CFilterChain->run()
#5 /home/marcio/git/yii/framework/web/CController.php(1145): CAccessControlFilter->filter()
#6 /home/marcio/git/yii/framework/web/filters/CInlineFilter.php(58): UserController->filterAccessControl()
#7 /home/marcio/git/yii/framework/web/filters/CFilterChain.php(130): CInlineFilter->filter()
#8 /home/marcio/git/yii/framework/web/CController.php(291): CFilterChain->run()
#9 /home/marcio/git/yii/framework/web/CController.php(265): UserController->runActionWithFilters()
#10 /home/marcio/git/yii/framework/web/CWebApplication.php(282): UserController->run()
#11 /home/marcio/git/yii/framework/web/CWebApplication.php(141): CWebApplication->runController()
#12 /home/marcio/git/yii/framework/base/CApplication.php(180): CWebApplication->processRequest()
#13 /home/marcio/git/com.arend.angularwithyii/AngularWithYii/index.php(13): CWebApplication->run()
REQUEST_URI=/index.php?r=user
in /home/marcio/git/com.arend.angularwithyii/AngularWithYii/protected/controllers/UserController.php (126)
in /home/marcio/git/com.arend.angularwithyii/AngularWithYii/index.php (13)
2014/04/18 19:40:16 [error] [exception.CHttpException.404] exception 'CHttpException' with message 'The requested page does not exist.' in /home/marcio/git/com.arend.angularwithyii/AngularWithYii/protected/controllers/UserController.php:161
Stack trace:
#0 /home/marcio/git/com.arend.angularwithyii/AngularWithYii/protected/controllers/UserController.php(55): UserController->loadModel('')
#1 [internal function]: UserController->actionView('')
#2 /home/marcio/git/yii/framework/web/actions/CAction.php(108): ReflectionMethod->invokeArgs(Object(UserController), Array)
#3 /home/marcio/git/yii/framework/web/actions/CInlineAction.php(47): CAction->runWithParamsInternal(Object(UserController), Object(ReflectionMethod), Array)
#4 /home/marcio/git/yii/framework/web/CController.php(308): CInlineAction->runWithParams(Array)
#5 /home/marcio/git/yii/framework/web/filters/CFilterChain.php(133): CController->runAction(Object(CInlineAction))
#6 /home/marcio/git/yii/framework/web/filters/CFilter.php(40): CFilterChain->run()
#7 /home/marcio/git/yii/framework/web/CController.php(1145): CFilter->filter(Object(CFilterChain))
#8 /home/marcio/git/yii/framework/web/filters/CInlineFilter.php(58): CController->filterAccessControl(Object(CFilterChain))
#9 /home/marcio/git/yii/framework/web/filters/CFilterChain.php(130): CInlineFilter->filter(Object(CFilterChain))
#10 /home/marcio/git/yii/framework/web/CController.php(291): CFilterChain->run()
#11 /home/marcio/git/yii/framework/web/CController.php(265): CController->runActionWithFilters(Object(CInlineAction), Array)
#12 /home/marcio/git/yii/framework/web/CWebApplication.php(282): CController->run('view')
#13 /home/marcio/git/yii/framework/web/CWebApplication.php(141): CWebApplication->runController('user/view')
#14 /home/marcio/git/yii/framework/base/CApplication.php(180): CWebApplication->processRequest()
#15 /home/marcio/git/com.arend.angularwithyii/AngularWithYii/index.php(13): CApplication->run()
#16 {main}
REQUEST_URI=/index.php?r=user/view&id=
HTTP_REFERER=http://angularyii.com/angular/
---
2014/04/20 17:38:35 [error] [php] Undefined index: User (/home/marcio/git/com.arend.angularwithyii/AngularWithYii/protected/controllers/UserController.php:69)
Stack trace:
#0 /home/marcio/git/yii/framework/web/filters/CFilterChain.php(133): UserController->runAction()
#1 /home/marcio/git/yii/framework/web/filters/CFilter.php(40): CFilterChain->run()
#2 /home/marcio/git/yii/framework/web/CController.php(1145): CAccessControlFilter->filter()
#3 /home/marcio/git/yii/framework/web/filters/CInlineFilter.php(58): UserController->filterAccessControl()
#4 /home/marcio/git/yii/framework/web/filters/CFilterChain.php(130): CInlineFilter->filter()
#5 /home/marcio/git/yii/framework/web/CController.php(291): CFilterChain->run()
#6 /home/marcio/git/yii/framework/web/CController.php(265): UserController->runActionWithFilters()
#7 /home/marcio/git/yii/framework/web/CWebApplication.php(282): UserController->run()
#8 /home/marcio/git/yii/framework/web/CWebApplication.php(141): CWebApplication->runController()
#9 /home/marcio/git/yii/framework/base/CApplication.php(180): CWebApplication->processRequest()
#10 /home/marcio/git/com.arend.angularwithyii/AngularWithYii/index.php(13): CWebApplication->run()
REQUEST_URI=/index.php?r=user/create
in /home/marcio/git/com.arend.angularwithyii/AngularWithYii/protected/controllers/UserController.php (69)
in /home/marcio/git/com.arend.angularwithyii/AngularWithYii/index.php (13)
2014/04/20 17:39:11 [error] [php] Undefined index: User (/home/marcio/git/com.arend.angularwithyii/AngularWithYii/protected/controllers/UserController.php:69)
Stack trace:
#0 /home/marcio/git/yii/framework/web/filters/CFilterChain.php(133): UserController->runAction()
#1 /home/marcio/git/yii/framework/web/filters/CFilter.php(40): CFilterChain->run()
#2 /home/marcio/git/yii/framework/web/CController.php(1145): CAccessControlFilter->filter()
#3 /home/marcio/git/yii/framework/web/filters/CInlineFilter.php(58): UserController->filterAccessControl()
#4 /home/marcio/git/yii/framework/web/filters/CFilterChain.php(130): CInlineFilter->filter()
#5 /home/marcio/git/yii/framework/web/CController.php(291): CFilterChain->run()
#6 /home/marcio/git/yii/framework/web/CController.php(265): UserController->runActionWithFilters()
#7 /home/marcio/git/yii/framework/web/CWebApplication.php(282): UserController->run()
#8 /home/marcio/git/yii/framework/web/CWebApplication.php(141): CWebApplication->runController()
#9 /home/marcio/git/yii/framework/base/CApplication.php(180): CWebApplication->processRequest()
#10 /home/marcio/git/com.arend.angularwithyii/AngularWithYii/index.php(13): CWebApplication->run()
REQUEST_URI=/index.php?r=user/create
in /home/marcio/git/com.arend.angularwithyii/AngularWithYii/protected/controllers/UserController.php (69)
in /home/marcio/git/com.arend.angularwithyii/AngularWithYii/index.php (13)
2014/04/20 17:42:14 [error] [php] Undefined index: Username (/home/marcio/git/com.arend.angularwithyii/AngularWithYii/protected/controllers/UserController.php:69)
Stack trace:
#0 /home/marcio/git/yii/framework/web/filters/CFilterChain.php(133): UserController->runAction()
#1 /home/marcio/git/yii/framework/web/filters/CFilter.php(40): CFilterChain->run()
#2 /home/marcio/git/yii/framework/web/CController.php(1145): CAccessControlFilter->filter()
#3 /home/marcio/git/yii/framework/web/filters/CInlineFilter.php(58): UserController->filterAccessControl()
#4 /home/marcio/git/yii/framework/web/filters/CFilterChain.php(130): CInlineFilter->filter()
#5 /home/marcio/git/yii/framework/web/CController.php(291): CFilterChain->run()
#6 /home/marcio/git/yii/framework/web/CController.php(265): UserController->runActionWithFilters()
#7 /home/marcio/git/yii/framework/web/CWebApplication.php(282): UserController->run()
#8 /home/marcio/git/yii/framework/web/CWebApplication.php(141): CWebApplication->runController()
#9 /home/marcio/git/yii/framework/base/CApplication.php(180): CWebApplication->processRequest()
#10 /home/marcio/git/com.arend.angularwithyii/AngularWithYii/index.php(13): CWebApplication->run()
REQUEST_URI=/index.php?r=user/create
in /home/marcio/git/com.arend.angularwithyii/AngularWithYii/protected/controllers/UserController.php (69)
in /home/marcio/git/com.arend.angularwithyii/AngularWithYii/index.php (13)
2014/04/20 21:02:51 [error] [exception.CHttpException.404] exception 'CHttpException' with message 'The system is unable to find the requested action "update¬id=1".' in /home/marcio/git/yii/framework/web/CController.php:483
Stack trace:
#0 /home/marcio/git/yii/framework/web/CController.php(270): CController->missingAction('update??id=1')
#1 /home/marcio/git/yii/framework/web/CWebApplication.php(282): CController->run('update??id=1')
#2 /home/marcio/git/yii/framework/web/CWebApplication.php(141): CWebApplication->runController('user/update??id...')
#3 /home/marcio/git/yii/framework/base/CApplication.php(180): CWebApplication->processRequest()
#4 /home/marcio/git/com.arend.angularwithyii/AngularWithYii/index.php(13): CApplication->run()
#5 {main}
REQUEST_URI=/index.php?r=user/update%C2%ACid=1
---
2014/04/21 09:54:54 [warning] [application] Failed to set unsafe attribute "id" of "User".
in /home/marcio/git/com.arend.angularwithyii/AngularWithYii/protected/controllers/UserController.php (112)
in /home/marcio/git/com.arend.angularwithyii/AngularWithYii/index.php (13)
2014/04/21 09:58:10 [warning] [application] Failed to set unsafe attribute "id" of "User".
in /home/marcio/git/com.arend.angularwithyii/AngularWithYii/protected/controllers/UserController.php (112)
in /home/marcio/git/com.arend.angularwithyii/AngularWithYii/index.php (13)
2014/04/21 09:59:02 [warning] [application] Failed to set unsafe attribute "id" of "User".
in /home/marcio/git/com.arend.angularwithyii/AngularWithYii/protected/controllers/UserController.php (112)
in /home/marcio/git/com.arend.angularwithyii/AngularWithYii/index.php (13)
2014/04/21 09:59:02 [error] [exception.CDbException] exception 'CDbException' with message 'The active record cannot be updated because it is new.' in /home/marcio/git/yii/framework/db/ar/CActiveRecord.php:1118
Stack trace:
#0 /home/marcio/git/com.arend.angularwithyii/AngularWithYii/protected/controllers/UserController.php(113): CActiveRecord->update()
#1 /home/marcio/git/yii/framework/web/actions/CInlineAction.php(49): UserController->actionUpdate()
#2 /home/marcio/git/yii/framework/web/CController.php(308): CInlineAction->runWithParams(Array)
#3 /home/marcio/git/yii/framework/web/CController.php(286): CController->runAction(Object(CInlineAction))
#4 /home/marcio/git/yii/framework/web/CController.php(265): CController->runActionWithFilters(Object(CInlineAction), NULL)
#5 /home/marcio/git/yii/framework/web/CWebApplication.php(282): CController->run('update')
#6 /home/marcio/git/yii/framework/web/CWebApplication.php(141): CWebApplication->runController('user/update')
#7 /home/marcio/git/yii/framework/base/CApplication.php(180): CWebApplication->processRequest()
#8 /home/marcio/git/com.arend.angularwithyii/AngularWithYii/index.php(13): CApplication->run()
#9 {main}
REQUEST_URI=/index.php?r=user/update
HTTP_REFERER=http://angularyii.com/angular/
---
2014/04/21 10:03:15 [warning] [application] Failed to set unsafe attribute "id" of "User".
in /home/marcio/git/com.arend.angularwithyii/AngularWithYii/protected/controllers/UserController.php (112)
in /home/marcio/git/com.arend.angularwithyii/AngularWithYii/index.php (13)
2014/04/21 10:03:15 [error] [php] Creating default object from empty value (/home/marcio/git/com.arend.angularwithyii/AngularWithYii/protected/controllers/UserController.php:115)
Stack trace:
#0 /home/marcio/git/yii/framework/web/CController.php(286): UserController->runAction()
#1 /home/marcio/git/yii/framework/web/CController.php(265): UserController->runActionWithFilters()
#2 /home/marcio/git/yii/framework/web/CWebApplication.php(282): UserController->run()
#3 /home/marcio/git/yii/framework/web/CWebApplication.php(141): CWebApplication->runController()
#4 /home/marcio/git/yii/framework/base/CApplication.php(180): CWebApplication->processRequest()
#5 /home/marcio/git/com.arend.angularwithyii/AngularWithYii/index.php(13): CWebApplication->run()
REQUEST_URI=/index.php?r=user/update
in /home/marcio/git/com.arend.angularwithyii/AngularWithYii/protected/controllers/UserController.php (115)
in /home/marcio/git/com.arend.angularwithyii/AngularWithYii/index.php (13)
2014/04/21 10:06:40 [warning] [application] Failed to set unsafe attribute "id" of "User".
in /home/marcio/git/com.arend.angularwithyii/AngularWithYii/protected/controllers/UserController.php (112)
in /home/marcio/git/com.arend.angularwithyii/AngularWithYii/index.php (13)
2014/04/21 10:06:41 [warning] [application] Failed to set unsafe attribute "id" of "User".
in /home/marcio/git/com.arend.angularwithyii/AngularWithYii/protected/controllers/UserController.php (112)
in /home/marcio/git/com.arend.angularwithyii/AngularWithYii/index.php (13)
2014/04/21 10:07:04 [warning] [application] Failed to set unsafe attribute "id" of "User".
in /home/marcio/git/com.arend.angularwithyii/AngularWithYii/protected/controllers/UserController.php (112)
in /home/marcio/git/com.arend.angularwithyii/AngularWithYii/index.php (13)
2014/04/21 10:07:04 [error] [php] Trying to get property of non-object (/home/marcio/git/com.arend.angularwithyii/AngularWithYii/protected/controllers/UserController.php:113)
Stack trace:
#0 /home/marcio/git/yii/framework/web/CController.php(286): UserController->runAction()
#1 /home/marcio/git/yii/framework/web/CController.php(265): UserController->runActionWithFilters()
#2 /home/marcio/git/yii/framework/web/CWebApplication.php(282): UserController->run()
#3 /home/marcio/git/yii/framework/web/CWebApplication.php(141): CWebApplication->runController()
#4 /home/marcio/git/yii/framework/base/CApplication.php(180): CWebApplication->processRequest()
#5 /home/marcio/git/com.arend.angularwithyii/AngularWithYii/index.php(13): CWebApplication->run()
REQUEST_URI=/index.php?r=user/update
in /home/marcio/git/com.arend.angularwithyii/AngularWithYii/protected/controllers/UserController.php (113)
in /home/marcio/git/com.arend.angularwithyii/AngularWithYii/index.php (13)
2014/04/21 10:07:31 [warning] [application] Failed to set unsafe attribute "id" of "User".
in /home/marcio/git/com.arend.angularwithyii/AngularWithYii/protected/controllers/UserController.php (112)
in /home/marcio/git/com.arend.angularwithyii/AngularWithYii/index.php (13)
2014/04/21 10:08:17 [warning] [application] Failed to set unsafe attribute "id" of "User".
in /home/marcio/git/com.arend.angularwithyii/AngularWithYii/protected/controllers/UserController.php (112)
in /home/marcio/git/com.arend.angularwithyii/AngularWithYii/index.php (13)
2014/04/21 10:08:17 [error] [exception.CException] exception 'CException' with message 'Property "User.arrtibutes" is not defined.' in /home/marcio/git/yii/framework/base/CComponent.php:173
Stack trace:
#0 /home/marcio/git/yii/framework/db/ar/CActiveRecord.php(161): CComponent->__set('arrtibutes', Array)
#1 /home/marcio/git/com.arend.angularwithyii/AngularWithYii/protected/controllers/UserController.php(114): CActiveRecord->__set('arrtibutes', Array)
#2 /home/marcio/git/yii/framework/web/actions/CInlineAction.php(49): UserController->actionUpdate()
#3 /home/marcio/git/yii/framework/web/CController.php(308): CInlineAction->runWithParams(Array)
#4 /home/marcio/git/yii/framework/web/CController.php(286): CController->runAction(Object(CInlineAction))
#5 /home/marcio/git/yii/framework/web/CController.php(265): CController->runActionWithFilters(Object(CInlineAction), NULL)
#6 /home/marcio/git/yii/framework/web/CWebApplication.php(282): CController->run('update')
#7 /home/marcio/git/yii/framework/web/CWebApplication.php(141): CWebApplication->runController('user/update')
#8 /home/marcio/git/yii/framework/base/CApplication.php(180): CWebApplication->processRequest()
#9 /home/marcio/git/com.arend.angularwithyii/AngularWithYii/index.php(13): CApplication->run()
#10 {main}
REQUEST_URI=/index.php?r=user/update
HTTP_REFERER=http://angularyii.com/angular/
---
2014/04/21 10:08:52 [warning] [application] Failed to set unsafe attribute "id" of "User".
in /home/marcio/git/com.arend.angularwithyii/AngularWithYii/protected/controllers/UserController.php (112)
in /home/marcio/git/com.arend.angularwithyii/AngularWithYii/index.php (13)
2014/04/21 10:08:52 [error] [exception.CException] exception 'CException' with message 'Property "User.arrtibutes" is not defined.' in /home/marcio/git/yii/framework/base/CComponent.php:173
Stack trace:
#0 /home/marcio/git/yii/framework/db/ar/CActiveRecord.php(161): CComponent->__set('arrtibutes', Array)
#1 /home/marcio/git/com.arend.angularwithyii/AngularWithYii/protected/controllers/UserController.php(114): CActiveRecord->__set('arrtibutes', Array)
#2 /home/marcio/git/yii/framework/web/actions/CInlineAction.php(49): UserController->actionUpdate()
#3 /home/marcio/git/yii/framework/web/CController.php(308): CInlineAction->runWithParams(Array)
#4 /home/marcio/git/yii/framework/web/CController.php(286): CController->runAction(Object(CInlineAction))
#5 /home/marcio/git/yii/framework/web/CController.php(265): CController->runActionWithFilters(Object(CInlineAction), NULL)
#6 /home/marcio/git/yii/framework/web/CWebApplication.php(282): CController->run('update')
#7 /home/marcio/git/yii/framework/web/CWebApplication.php(141): CWebApplication->runController('user/update')
#8 /home/marcio/git/yii/framework/base/CApplication.php(180): CWebApplication->processRequest()
#9 /home/marcio/git/com.arend.angularwithyii/AngularWithYii/index.php(13): CApplication->run()
#10 {main}
REQUEST_URI=/index.php?r=user/update
HTTP_REFERER=http://angularyii.com/angular/
---
2014/04/21 10:09:24 [warning] [application] Failed to set unsafe attribute "id" of "User".
in /home/marcio/git/com.arend.angularwithyii/AngularWithYii/protected/controllers/UserController.php (112)
in /home/marcio/git/com.arend.angularwithyii/AngularWithYii/index.php (13)
2014/04/21 10:09:24 [error] [exception.CException] exception 'CException' with message 'Property "User.arrtibutes" is not defined.' in /home/marcio/git/yii/framework/base/CComponent.php:173
Stack trace:
#0 /home/marcio/git/yii/framework/db/ar/CActiveRecord.php(161): CComponent->__set('arrtibutes', Array)
#1 /home/marcio/git/com.arend.angularwithyii/AngularWithYii/protected/controllers/UserController.php(114): CActiveRecord->__set('arrtibutes', Array)
#2 /home/marcio/git/yii/framework/web/actions/CInlineAction.php(49): UserController->actionUpdate()
#3 /home/marcio/git/yii/framework/web/CController.php(308): CInlineAction->runWithParams(Array)
#4 /home/marcio/git/yii/framework/web/CController.php(286): CController->runAction(Object(CInlineAction))
#5 /home/marcio/git/yii/framework/web/CController.php(265): CController->runActionWithFilters(Object(CInlineAction), NULL)
#6 /home/marcio/git/yii/framework/web/CWebApplication.php(282): CController->run('update')
#7 /home/marcio/git/yii/framework/web/CWebApplication.php(141): CWebApplication->runController('user/update')
#8 /home/marcio/git/yii/framework/base/CApplication.php(180): CWebApplication->processRequest()
#9 /home/marcio/git/com.arend.angularwithyii/AngularWithYii/index.php(13): CApplication->run()
#10 {main}
REQUEST_URI=/index.php?r=user/update
HTTP_REFERER=http://angularyii.com/angular/
---
2014/04/21 10:09:33 [warning] [application] Failed to set unsafe attribute "id" of "User".
in /home/marcio/git/com.arend.angularwithyii/AngularWithYii/protected/controllers/UserController.php (112)
in /home/marcio/git/com.arend.angularwithyii/AngularWithYii/index.php (13)
2014/04/21 10:15:59 [warning] [application] Failed to set unsafe attribute "id" of "User".
in /home/marcio/git/com.arend.angularwithyii/AngularWithYii/protected/controllers/UserController.php (112)
in /home/marcio/git/com.arend.angularwithyii/AngularWithYii/index.php (13)
2014/04/21 10:15:59 [warning] [application] Failed to set unsafe attribute "id" of "User".
in /home/marcio/git/com.arend.angularwithyii/AngularWithYii/protected/controllers/UserController.php (114)
in /home/marcio/git/com.arend.angularwithyii/AngularWithYii/index.php (13)
2014/04/21 10:16:00 [warning] [application] Failed to set unsafe attribute "id" of "User".
in /home/marcio/git/com.arend.angularwithyii/AngularWithYii/protected/controllers/UserController.php (112)
in /home/marcio/git/com.arend.angularwithyii/AngularWithYii/index.php (13)
2014/04/21 10:16:00 [warning] [application] Failed to set unsafe attribute "id" of "User".
in /home/marcio/git/com.arend.angularwithyii/AngularWithYii/protected/controllers/UserController.php (114)
in /home/marcio/git/com.arend.angularwithyii/AngularWithYii/index.php (13)
2014/04/21 10:16:47 [warning] [application] Failed to set unsafe attribute "id" of "User".
in /home/marcio/git/com.arend.angularwithyii/AngularWithYii/protected/controllers/UserController.php (112)
in /home/marcio/git/com.arend.angularwithyii/AngularWithYii/index.php (13)
2014/04/21 10:16:47 [warning] [application] Failed to set unsafe attribute "id" of "User".
in /home/marcio/git/com.arend.angularwithyii/AngularWithYii/protected/controllers/UserController.php (114)
in /home/marcio/git/com.arend.angularwithyii/AngularWithYii/index.php (13)
2014/04/21 10:17:17 [warning] [application] Failed to set unsafe attribute "id" of "User".
in /home/marcio/git/com.arend.angularwithyii/AngularWithYii/protected/controllers/UserController.php (112)
in /home/marcio/git/com.arend.angularwithyii/AngularWithYii/index.php (13)
2014/04/21 10:17:17 [warning] [application] Failed to set unsafe attribute "id" of "User".
in /home/marcio/git/com.arend.angularwithyii/AngularWithYii/protected/controllers/UserController.php (114)
in /home/marcio/git/com.arend.angularwithyii/AngularWithYii/index.php (13)
2014/04/21 10:17:40 [warning] [application] Failed to set unsafe attribute "id" of "User".
in /home/marcio/git/com.arend.angularwithyii/AngularWithYii/protected/controllers/UserController.php (113)
in /home/marcio/git/com.arend.angularwithyii/AngularWithYii/index.php (13)
2014/04/21 10:17:48 [warning] [application] Failed to set unsafe attribute "id" of "User".
in /home/marcio/git/com.arend.angularwithyii/AngularWithYii/protected/controllers/UserController.php (113)
in /home/marcio/git/com.arend.angularwithyii/AngularWithYii/index.php (13)
2014/04/21 13:22:45 [warning] [application] Failed to set unsafe attribute "id" of "User".
in /home/marcio/git/com.arend.angularwithyii/AngularWithYii/protected/controllers/UserController.php (113)
in /home/marcio/git/com.arend.angularwithyii/AngularWithYii/index.php (13)
2014/04/21 13:59:44 [warning] [application] Failed to set unsafe attribute "id" of "User".
in /home/marcio/git/com.arend.angularwithyii/AngularWithYii/protected/controllers/UserController.php (113)
in /home/marcio/git/com.arend.angularwithyii/AngularWithYii/index.php (13)
2014/04/21 16:02:23 [error] [exception.CDbException] exception 'CDbException' with message 'CDbConnection failed to open the DB connection: SQLSTATE[HY000] [2005] Unknown MySQL server host 'db524866746.db.1and1.com' (2)' in /home/marcio/git/yii/framework/db/CDbConnection.php:382
Stack trace:
#0 /home/marcio/git/yii/framework/db/CDbConnection.php(330): CDbConnection->open()
#1 /home/marcio/git/yii/framework/db/CDbConnection.php(308): CDbConnection->setActive(true)
#2 /home/marcio/git/yii/framework/base/CModule.php(387): CDbConnection->init()
#3 /home/marcio/git/yii/framework/base/CApplication.php(450): CModule->getComponent('db')
#4 /home/marcio/git/yii/framework/db/ar/CActiveRecord.php(634): CApplication->getDb()
#5 /home/marcio/git/yii/framework/db/ar/CActiveRecord.php(667): CActiveRecord->getDbConnection()
#6 /home/marcio/git/yii/framework/db/ar/CActiveRecord.php(1469): CActiveRecord->getCommandBuilder()
#7 /home/marcio/git/com.arend.angularwithyii/AngularWithYii/protected/controllers/UserController.php(146): CActiveRecord->findAll()
#8 /home/marcio/git/yii/framework/web/actions/CInlineAction.php(49): UserController->actionIndex()
#9 /home/marcio/git/yii/framework/web/CController.php(308): CInlineAction->runWithParams(Array)
#10 /home/marcio/git/yii/framework/web/CController.php(286): CController->runAction(Object(CInlineAction))
#11 /home/marcio/git/yii/framework/web/CController.php(265): CController->runActionWithFilters(Object(CInlineAction), NULL)
#12 /home/marcio/git/yii/framework/web/CWebApplication.php(282): CController->run('')
#13 /home/marcio/git/yii/framework/web/CWebApplication.php(141): CWebApplication->runController('user')
#14 /home/marcio/git/yii/framework/base/CApplication.php(180): CWebApplication->processRequest()
#15 /home/marcio/git/com.arend.angularwithyii/AngularWithYii/index.php(15): CApplication->run()
#16 {main}
REQUEST_URI=/index.php?r=user
---
